npm install redux && npm install react-redux

// ♥  cd react_redux_initial_demo/
[15:13:05]  react_redux_initial_demo (master)
// ♥  ll
total 536
drwxrwxrwx 1 arthur arthur   4096 Jun  9 12:08 ./
drwxrwxrwx 1 arthur arthur   4096 Jun 10 19:58 ../
drwxrwxrwx 1 arthur arthur   4096 Jun 11 14:30 .git/
-rwxrwxrwx 1 arthur arthur    310 Jun  9 11:58 .gitignore*
-rwxrwxrwx 1 arthur arthur   3433 Jun 11 14:30 README.md*
-rwxrwxrwx 1 arthur arthur     77 Jun  9 12:08 _steps_log.txt*
drwxrwxrwx 1 arthur arthur   4096 Jun 11 14:39 node_modules/
-rwxrwxrwx 1 arthur arthur    827 Jun  9 12:00 package.json*
drwxrwxrwx 1 arthur arthur   4096 Jun  9 11:58 public/
drwxrwxrwx 1 arthur arthur   4096 Jun  9 11:58 src/
-rwxrwxrwx 1 arthur arthur 539898 Jun  9 12:01 yarn.lock*
[15:13:07]  react_redux_initial_demo (master)
// ♥  code .
[15:13:11]  react_redux_initial_demo (master)
// ♥  npm install redux && npm install react-redux
npm WARN deprecated babel-eslint@10.1.0: babel-eslint is now @babel/eslint-parser. This package will no longer receive updates.
npm WARN deprecated resolve-url@0.2.1: https://github.com/lydell/resolve-url#deprecated
npm WARN deprecated urix@0.1.0: Please see https://github.com/lydell/urix#deprecated
npm WARN deprecated chokidar@2.1.8: Chokidar 2 will break on node v14+. Upgrade to chokidar 3 with 15x less dependencies.
npm WARN deprecated fsevents@1.2.13: fsevents 1 will break on node v14+ and could be using insecure binaries. Upgrade to fsevents 2.
npm WARN deprecated rollup-plugin-babel@4.4.0: This package has been deprecated and is no longer maintained. Please use @rollup/plugin-babel.
npm WARN optional SKIPPING OPTIONAL DEPENDENCY: fsevents@^2.1.3 (node_modules/react-scripts/node_modules/fsevents):
npm WARN notsup SKIPPING OPTIONAL DEPENDENCY: Unsupported platform for fsevents@2.3.2: wanted {"os":"darwin","arch":"any"} (current: {"os":"linux","arch":"x64"})
npm WARN optional SKIPPING OPTIONAL DEPENDENCY: fsevents@^1.2.7 (node_modules/watchpack-chokidar2/node_modules/chokidar/node_modules/fsevents):
npm WARN notsup SKIPPING OPTIONAL DEPENDENCY: Unsupported platform for fsevents@1.2.13: wanted {"os":"darwin","arch":"any"} (current: {"os":"linux","arch":"x64"})
npm WARN optional SKIPPING OPTIONAL DEPENDENCY: fsevents@^1.2.7 (node_modules/react-scripts/node_modules/chokidar/node_modules/fsevents):
npm WARN notsup SKIPPING OPTIONAL DEPENDENCY: Unsupported platform for fsevents@1.2.13: wanted {"os":"darwin","arch":"any"} (current: {"os":"linux","arch":"x64"})
npm WARN @babel/plugin-proposal-dynamic-import@7.14.5 requires a peer of @babel/core@^7.0.0-0 but none is installed. You must install peer dependencies yourself.
npm WARN @babel/plugin-proposal-export-namespace-from@7.14.5 requires a peer of @babel/core@^7.0.0-0 but none is installed. You must install peer dependencies yourself.
npm WARN @babel/plugin-proposal-json-strings@7.14.5 requires a peer of @babel/core@^7.0.0-0 but none is installed. You must install peer dependencies yourself.
npm WARN @babel/plugin-proposal-logical-assignment-operators@7.14.5 requires a peer of @babel/core@^7.0.0-0 but none is installed. You must install peer dependencies yourself.
npm WARN @babel/plugin-proposal-nullish-coalescing-operator@7.14.5 requires a peer of @babel/core@^7.0.0-0 but none is installed. You must install peer dependencies yourself.
npm WARN @babel/plugin-proposal-numeric-separator@7.14.5 requires a peer of @babel/core@^7.0.0-0 but none is installed. You must install peer dependencies yourself.
npm WARN @babel/plugin-proposal-optional-catch-binding@7.14.5 requires a peer of @babel/core@^7.0.0-0 but none is installed. You must install peer dependencies yourself.
npm WARN @babel/plugin-syntax-async-generators@7.8.4 requires a peer of @babel/core@^7.0.0-0 but none is installed. You must install peer dependencies yourself.
npm WARN @babel/plugin-syntax-bigint@7.8.3 requires a peer of @babel/core@^7.0.0-0 but none is installed. You must install peer dependencies yourself.
npm WARN @babel/plugin-syntax-class-properties@7.12.13 requires a peer of @babel/core@^7.0.0-0 but none is installed. You must install peer dependencies yourself.
npm WARN @babel/plugin-syntax-class-static-block@7.14.5 requires a peer of @babel/core@^7.0.0-0 but none is installed. You must install peer dependencies yourself.
npm WARN @babel/plugin-syntax-decorators@7.14.5 requires a peer of @babel/core@^7.0.0-0 but none is installed. You must install peer dependencies yourself.
npm WARN @babel/plugin-syntax-dynamic-import@7.8.3 requires a peer of @babel/core@^7.0.0-0 but none is installed. You must install peer dependencies yourself.
npm WARN @babel/plugin-syntax-export-namespace-from@7.8.3 requires a peer of @babel/core@^7.0.0-0 but none is installed. You must install peer dependencies yourself.
npm WARN @babel/plugin-syntax-flow@7.14.5 requires a peer of @babel/core@^7.0.0-0 but none is installed. You must install peer dependencies yourself.
npm WARN @babel/plugin-syntax-import-meta@7.10.4 requires a peer of @babel/core@^7.0.0-0 but none is installed. You must install peer dependencies yourself.
npm WARN @babel/plugin-syntax-json-strings@7.8.3 requires a peer of @babel/core@^7.0.0-0 but none is installed. You must install peer dependencies yourself.
npm WARN @babel/plugin-syntax-jsx@7.14.5 requires a peer of @babel/core@^7.0.0-0 but none is installed. You must install peer dependencies yourself.
npm WARN @babel/plugin-syntax-logical-assignment-operators@7.10.4 requires a peer of @babel/core@^7.0.0-0 but none is installed. You must install peer dependencies yourself.
npm WARN @babel/plugin-syntax-nullish-coalescing-operator@7.8.3 requires a peer of @babel/core@^7.0.0-0 but none is installed. You must install peer dependencies yourself.
npm WARN @babel/plugin-syntax-numeric-separator@7.10.4 requires a peer of @babel/core@^7.0.0-0 but none is installed. You must install peer dependencies yourself.
npm WARN @babel/plugin-syntax-object-rest-spread@7.8.3 requires a peer of @babel/core@^7.0.0-0 but none is installed. You must install peer dependencies yourself.
npm WARN @babel/plugin-syntax-optional-catch-binding@7.8.3 requires a peer of @babel/core@^7.0.0-0 but none is installed. You must install peer dependencies yourself.
npm WARN @babel/plugin-syntax-optional-chaining@7.8.3 requires a peer of @babel/core@^7.0.0-0 but none is installed. You must install peer dependencies yourself.
npm WARN @babel/plugin-syntax-private-property-in-object@7.14.5 requires a peer of @babel/core@^7.0.0-0 but none is installed. You must install peer dependencies yourself.
npm WARN @babel/plugin-syntax-top-level-await@7.14.5 requires a peer of @babel/core@^7.0.0-0 but none is installed. You must install peer dependencies yourself.
npm WARN @babel/plugin-syntax-typescript@7.14.5 requires a peer of @babel/core@^7.0.0-0 but none is installed. You must install peer dependencies yourself.
npm WARN @babel/plugin-transform-arrow-functions@7.14.5 requires a peer of @babel/core@^7.0.0-0 but none is installed. You must install peer dependencies yourself.
npm WARN @babel/plugin-transform-block-scoped-functions@7.14.5 requires a peer of @babel/core@^7.0.0-0 but none is installed. You must install peer dependencies yourself.
npm WARN @babel/plugin-transform-block-scoping@7.14.5 requires a peer of @babel/core@^7.0.0-0 but none is installed. You must install peer dependencies yourself.
npm WARN @babel/plugin-transform-computed-properties@7.14.5 requires a peer of @babel/core@^7.0.0-0 but none is installed. You must install peer dependencies yourself.
npm WARN @babel/plugin-transform-destructuring@7.14.5 requires a peer of @babel/core@^7.0.0-0 but none is installed. You must install peer dependencies yourself.
npm WARN @babel/plugin-transform-duplicate-keys@7.14.5 requires a peer of @babel/core@^7.0.0-0 but none is installed. You must install peer dependencies yourself.
npm WARN @babel/plugin-transform-flow-strip-types@7.12.1 requires a peer of @babel/core@^7.0.0-0 but none is installed. You must install peer dependencies yourself.
npm WARN @babel/plugin-transform-for-of@7.14.5 requires a peer of @babel/core@^7.0.0-0 but none is installed. You must install peer dependencies yourself.
npm WARN @babel/plugin-transform-literals@7.14.5 requires a peer of @babel/core@^7.0.0-0 but none is installed. You must install peer dependencies yourself.
npm WARN @babel/plugin-transform-member-expression-literals@7.14.5 requires a peer of @babel/core@^7.0.0-0 but none is installed. You must install peer dependencies yourself.
npm WARN @babel/plugin-transform-new-target@7.14.5 requires a peer of @babel/core@^7.0.0-0 but none is installed. You must install peer dependencies yourself.
npm WARN @babel/plugin-transform-parameters@7.14.5 requires a peer of @babel/core@^7.0.0-0 but none is installed. You must install peer dependencies yourself.
npm WARN @babel/plugin-transform-property-literals@7.14.5 requires a peer of @babel/core@^7.0.0-0 but none is installed. You must install peer dependencies yourself.
npm WARN @babel/plugin-transform-react-constant-elements@7.14.5 requires a peer of @babel/core@^7.0.0-0 but none is installed. You must install peer dependencies yourself.
npm WARN @babel/plugin-transform-react-display-name@7.14.5 requires a peer of @babel/core@^7.0.0-0 but none is installed. You must install peer dependencies yourself.
npm WARN @babel/plugin-transform-react-jsx-self@7.14.5 requires a peer of @babel/core@^7.0.0-0 but none is installed. You must install peer dependencies yourself.
npm WARN @babel/plugin-transform-react-jsx-source@7.14.5 requires a peer of @babel/core@^7.0.0-0 but none is installed. You must install peer dependencies yourself.
npm WARN @babel/plugin-transform-reserved-words@7.14.5 requires a peer of @babel/core@^7.0.0-0 but none is installed. You must install peer dependencies yourself.
npm WARN @babel/plugin-transform-shorthand-properties@7.14.5 requires a peer of @babel/core@^7.0.0-0 but none is installed. You must install peer dependencies yourself.
npm WARN @babel/plugin-transform-sticky-regex@7.14.5 requires a peer of @babel/core@^7.0.0-0 but none is installed. You must install peer dependencies yourself.
npm WARN @babel/plugin-transform-template-literals@7.14.5 requires a peer of @babel/core@^7.0.0-0 but none is installed. You must install peer dependencies yourself.
npm WARN @babel/plugin-transform-typeof-symbol@7.14.5 requires a peer of @babel/core@^7.0.0-0 but none is installed. You must install peer dependencies yourself.
npm WARN @babel/plugin-transform-unicode-escapes@7.14.5 requires a peer of @babel/core@^7.0.0-0 but none is installed. You must install peer dependencies yourself.
npm WARN @testing-library/user-event@12.8.3 requires a peer of @testing-library/dom@>=7.21.4 but none is installed. You must install peer dependencies yourself.
npm WARN babel-plugin-named-asset-import@0.3.7 requires a peer of @babel/core@^7.1.0 but none is installed. You must install peer dependencies yourself.
npm WARN babel-preset-current-node-syntax@1.0.1 requires a peer of @babel/core@^7.0.0 but none is installed. You must install peer dependencies yourself.
npm WARN eslint-config-react-app@6.0.0 requires a peer of @typescript-eslint/eslint-plugin@^4.0.0 but none is installed. You must install peer dependencies yourself.
npm WARN eslint-config-react-app@6.0.0 requires a peer of @typescript-eslint/parser@^4.0.0 but none is installed. You must install peer dependencies yourself.
npm WARN eslint-config-react-app@6.0.0 requires a peer of babel-eslint@^10.0.0 but none is installed. You must install peer dependencies yourself.
npm WARN eslint-config-react-app@6.0.0 requires a peer of eslint@^7.5.0 but none is installed. You must install peer dependencies yourself.
npm WARN eslint-config-react-app@6.0.0 requires a peer of eslint-plugin-flowtype@^5.2.0 but none is installed. You must install peer dependencies yourself.
npm WARN eslint-config-react-app@6.0.0 requires a peer of eslint-plugin-import@^2.22.0 but none is installed. You must install peer dependencies yourself.
npm WARN eslint-config-react-app@6.0.0 requires a peer of eslint-plugin-jsx-a11y@^6.3.1 but none is installed. You must install peer dependencies yourself.
npm WARN eslint-config-react-app@6.0.0 requires a peer of eslint-plugin-react@^7.20.3 but none is installed. You must install peer dependencies yourself.
npm WARN eslint-plugin-react-hooks@4.2.0 requires a peer of eslint@^3.0.0 || ^4.0.0 || ^5.0.0 || ^6.0.0 || ^7.0.0 but none is installed. You must install peer dependencies yourself.
npm WARN eslint-utils@3.0.0 requires a peer of eslint@>=5 but none is installed. You must install peer dependencies yourself.
npm WARN babel-jest@26.6.3 requires a peer of @babel/core@^7.0.0 but none is installed. You must install peer dependencies yourself.
npm WARN mini-css-extract-plugin@0.11.3 requires a peer of webpack@^4.4.0 || ^5.0.0 but none is installed. You must install peer dependencies yourself.
npm WARN @babel/preset-react@7.14.5 requires a peer of @babel/core@^7.0.0-0 but none is installed. You must install peer dependencies yourself.
npm WARN @babel/plugin-proposal-class-properties@7.14.5 requires a peer of @babel/core@^7.0.0-0 but none is installed. You must install peer dependencies yourself.
npm WARN @babel/plugin-proposal-private-property-in-object@7.14.5 requires a peer of @babel/core@^7.0.0-0 but none is installed. You must install peer dependencies yourself.
npm WARN @babel/plugin-proposal-private-methods@7.14.5 requires a peer of @babel/core@^7.0.0-0 but none is installed. You must install peer dependencies yourself.
npm WARN @babel/plugin-proposal-object-rest-spread@7.14.5 requires a peer of @babel/core@^7.0.0-0 but none is installed. You must install peer dependencies yourself.
npm WARN @babel/helper-compilation-targets@7.14.5 requires a peer of @babel/core@^7.0.0 but none is installed. You must install peer dependencies yourself.
npm WARN @babel/plugin-proposal-class-static-block@7.14.5 requires a peer of @babel/core@^7.12.0 but none is installed. You must install peer dependencies yourself.
npm WARN @babel/plugin-bugfix-v8-spread-parameters-in-optional-chaining@7.14.5 requires a peer of @babel/core@^7.13.0 but none is installed. You must install peer dependencies yourself.
npm WARN @babel/plugin-proposal-optional-chaining@7.14.5 requires a peer of @babel/core@^7.0.0-0 but none is installed. You must install peer dependencies yourself.
npm WARN @babel/plugin-transform-async-to-generator@7.14.5 requires a peer of @babel/core@^7.0.0-0 but none is installed. You must install peer dependencies yourself.
npm WARN @babel/plugin-proposal-unicode-property-regex@7.14.5 requires a peer of @babel/core@^7.0.0-0 but none is installed. You must install peer dependencies yourself.
npm WARN @babel/plugin-transform-classes@7.14.5 requires a peer of @babel/core@^7.0.0-0 but none is installed. You must install peer dependencies yourself.
npm WARN @babel/plugin-transform-modules-amd@7.14.5 requires a peer of @babel/core@^7.0.0-0 but none is installed. You must install peer dependencies yourself.
npm WARN @babel/plugin-transform-modules-commonjs@7.14.5 requires a peer of @babel/core@^7.0.0-0 but none is installed. You must install peer dependencies yourself.
npm WARN @babel/plugin-transform-function-name@7.14.5 requires a peer of @babel/core@^7.0.0-0 but none is installed. You must install peer dependencies yourself.
npm WARN @babel/plugin-transform-exponentiation-operator@7.14.5 requires a peer of @babel/core@^7.0.0-0 but none is installed. You must install peer dependencies yourself.
npm WARN @babel/plugin-transform-named-capturing-groups-regex@7.14.5 requires a peer of @babel/core@^7.0.0 but none is installed. You must install peer dependencies yourself.
npm WARN @babel/plugin-transform-modules-systemjs@7.14.5 requires a peer of @babel/core@^7.0.0-0 but none is installed. You must install peer dependencies yourself.
npm WARN @babel/plugin-transform-dotall-regex@7.14.5 requires a peer of @babel/core@^7.0.0-0 but none is installed. You must install peer dependencies yourself.
npm WARN @babel/plugin-transform-object-super@7.14.5 requires a peer of @babel/core@^7.0.0-0 but none is installed. You must install peer dependencies yourself.
npm WARN @babel/plugin-transform-modules-umd@7.14.5 requires a peer of @babel/core@^7.0.0-0 but none is installed. You must install peer dependencies yourself.
npm WARN @babel/plugin-transform-spread@7.14.5 requires a peer of @babel/core@^7.0.0-0 but none is installed. You must install peer dependencies yourself.
npm WARN @babel/plugin-transform-unicode-regex@7.14.5 requires a peer of @babel/core@^7.0.0-0 but none is installed. You must install peer dependencies yourself.
npm WARN babel-plugin-polyfill-regenerator@0.2.2 requires a peer of @babel/core@^7.0.0-0 but none is installed. You must install peer dependencies yourself.
npm WARN @babel/helper-define-polyfill-provider@0.2.3 requires a peer of @babel/core@^7.4.0-0 but none is installed. You must install peer dependencies yourself.
npm WARN @babel/helper-compilation-targets@7.14.5 requires a peer of @babel/core@^7.0.0 but none is installed. You must install peer dependencies yourself.
npm WARN @babel/plugin-transform-regenerator@7.14.5 requires a peer of @babel/core@^7.0.0-0 but none is installed. You must install peer dependencies yourself.
npm WARN babel-plugin-polyfill-corejs3@0.2.2 requires a peer of @babel/core@^7.0.0-0 but none is installed. You must install peer dependencies yourself.
npm WARN @babel/helper-define-polyfill-provider@0.2.3 requires a peer of @babel/core@^7.4.0-0 but none is installed. You must install peer dependencies yourself.
npm WARN @babel/helper-compilation-targets@7.14.5 requires a peer of @babel/core@^7.0.0 but none is installed. You must install peer dependencies yourself.
npm WARN @babel/plugin-proposal-async-generator-functions@7.14.5 requires a peer of @babel/core@^7.0.0-0 but none is installed. You must install peer dependencies yourself.
npm WARN @babel/helper-create-class-features-plugin@7.14.5 requires a peer of @babel/core@^7.0.0 but none is installed. You must install peer dependencies yourself.
npm WARN @babel/helper-create-regexp-features-plugin@7.14.5 requires a peer of @babel/core@^7.0.0 but none is installed. You must install peer dependencies yourself.
npm WARN @babel/plugin-transform-react-pure-annotations@7.14.5 requires a peer of @babel/core@^7.0.0-0 but none is installed. You must install peer dependencies yourself.
npm WARN @babel/plugin-transform-react-jsx-development@7.14.5 requires a peer of @babel/core@^7.0.0-0 but none is installed. You must install peer dependencies yourself.
npm WARN @babel/plugin-transform-react-jsx@7.14.5 requires a peer of @babel/core@^7.0.0-0 but none is installed. You must install peer dependencies yourself.
npm WARN tsutils@3.21.0 requires a peer of typescript@>=2.8.0 || >= 3.2.0-dev || >= 3.3.0-dev || >= 3.4.0-dev || >= 3.5.0-dev || >= 3.6.0-dev || >= 3.6.0-beta || >= 3.7.0-dev || >= 3.7.0-beta but none is installed. You must install peer dependencies yourself.
npm WARN babel-preset-jest@26.6.2 requires a peer of @babel/core@^7.0.0 but none is installed. You must install peer dependencies yourself.
npm WARN @babel/plugin-proposal-decorators@7.12.1 requires a peer of @babel/core@^7.0.0-0 but none is installed. You must install peer dependencies yourself.
npm WARN @babel/preset-typescript@7.12.1 requires a peer of @babel/core@^7.0.0-0 but none is installed. You must install peer dependencies yourself.
npm WARN @babel/plugin-transform-typescript@7.14.5 requires a peer of @babel/core@^7.0.0-0 but none is installed. You must install peer dependencies yourself.

npm ERR! code ENOENT
npm ERR! syscall rename
npm ERR! path /mnt/c/Users/SOLON/dev/flatiron/labs/react_redux_initial_demo/node_modules/babel-plugin-polyfill-corejs2/node_modules/semver
npm ERR! dest /mnt/c/Users/SOLON/dev/flatiron/labs/react_redux_initial_demo/node_modules/@babel/plugin-proposal-object-rest-spread/node_modules/semver
npm ERR! errno -2
npm ERR! enoent ENOENT: no such file or directory, rename '/mnt/c/Users/SOLON/dev/flatiron/labs/react_redux_initial_demo/node_modules/babel-plugin-polyfill-corejs2/node_modules/semver' -> '/mnt/c/Users/SOLON/dev/flatiron/labs/react_redux_initial_demo/node_modules/@babel/plugin-proposal-object-rest-spread/node_modules/semver'
npm ERR! enoent This is related to npm not being able to find a file.
npm ERR! enoent

npm ERR! A complete log of this run can be found in:
npm ERR!     /home/arthur/.npm/_logs/2021-06-11T19_16_07_710Z-debug.log

// ♥  npm start

> reac_redux_initial_demo@0.1.0 start /mnt/c/Users/SOLON/dev/flatiron/labs/react_redux_initial_demo
> react-scripts start


internal/modules/cjs/loader.js:1017
  throw err;
  ^

Error: Cannot find module 'react-dev-utils/crossSpawn'
Require stack:
- /mnt/c/Users/SOLON/dev/flatiron/labs/react_redux_initial_demo/node_modules/react-scripts/bin/react-scripts.js
    at Function.Module._resolveFilename (internal/modules/cjs/loader.js:1014:15)
    at Function.Module._load (internal/modules/cjs/loader.js:884:27)
    at Module.require (internal/modules/cjs/loader.js:1074:19)
    at require (internal/modules/cjs/helpers.js:72:18)
    at Object.<anonymous> (/mnt/c/Users/SOLON/dev/flatiron/labs/react_redux_initial_demo/node_modules/react-scripts/bin/react-scripts.js:18:15)
    at Module._compile (internal/modules/cjs/loader.js:1185:30)
    at Object.Module._extensions..js (internal/modules/cjs/loader.js:1205:10)
    at Module.load (internal/modules/cjs/loader.js:1034:32)
    at Function.Module._load (internal/modules/cjs/loader.js:923:14)
    at Function.executeUserEntryPoint [as runMain] (internal/modules/run_main.js:71:12) {
  code: 'MODULE_NOT_FOUND',
  requireStack: [
    '/mnt/c/Users/SOLON/dev/flatiron/labs/react_redux_initial_demo/node_modules/react-scripts/bin/react-scripts.js'
  ]
}
npm ERR! code ELIFECYCLE
npm ERR! errno 1
npm ERR! reac_redux_initial_demo@0.1.0 start: `react-scripts start`
npm ERR! Exit status 1
npm ERR!
npm ERR! Failed at the reac_redux_initial_demo@0.1.0 start script.
npm ERR! This is probably not a problem with npm. There is likely additional logging output above.

npm ERR! A complete log of this run can be found in:
npm ERR!     /home/arthur/.npm/_logs/2021-06-11T19_36_44_592Z-debug.log

[15:36:44]  react_redux_initial_demo (master)
// ♥  npm install redux
npm WARN deprecated babel-eslint@10.1.0: babel-eslint is now @babel/eslint-parser. This package will no longer receive updates.
npm WARN deprecated resolve-url@0.2.1: https://github.com/lydell/resolve-url#deprecated
npm WARN deprecated urix@0.1.0: Please see https://github.com/lydell/urix#deprecated
npm WARN deprecated chokidar@2.1.8: Chokidar 2 will break on node v14+. Upgrade to chokidar 3 with 15x less dependencies.
npm WARN deprecated fsevents@1.2.13: fsevents 1 will break on node v14+ and could be using insecure binaries. Upgrade to fsevents 2.
npm WARN deprecated rollup-plugin-babel@4.4.0: This package has been deprecated and is no longer maintained. Please use @rollup/plugin-babel.
npm WARN optional SKIPPING OPTIONAL DEPENDENCY: fsevents@^2.1.3 (node_modules/react-scripts/node_modules/fsevents):
npm WARN notsup SKIPPING OPTIONAL DEPENDENCY: Unsupported platform for fsevents@2.3.2: wanted {"os":"darwin","arch":"any"} (current: {"os":"linux","arch":"x64"})
npm WARN optional SKIPPING OPTIONAL DEPENDENCY: fsevents@^1.2.7 (node_modules/watchpack-chokidar2/node_modules/chokidar/node_modules/fsevents):
npm WARN notsup SKIPPING OPTIONAL DEPENDENCY: Unsupported platform for fsevents@1.2.13: wanted {"os":"darwin","arch":"any"} (current: {"os":"linux","arch":"x64"})
npm WARN optional SKIPPING OPTIONAL DEPENDENCY: fsevents@^1.2.7 (node_modules/react-scripts/node_modules/chokidar/node_modules/fsevents):
npm WARN notsup SKIPPING OPTIONAL DEPENDENCY: Unsupported platform for fsevents@1.2.13: wanted {"os":"darwin","arch":"any"} (current: {"os":"linux","arch":"x64"})
npm WARN @testing-library/user-event@12.8.3 requires a peer of @testing-library/dom@>=7.21.4 but none is installed. You must install peer dependencies yourself.
npm WARN eslint-config-react-app@6.0.0 requires a peer of @typescript-eslint/parser@^4.0.0 but none is installed. You must install peer dependencies yourself.
npm WARN eslint-config-react-app@6.0.0 requires a peer of eslint-plugin-flowtype@^5.2.0 but none is installed. You must install peer dependencies yourself.
npm WARN @typescript-eslint/eslint-plugin@4.26.1 requires a peer of @typescript-eslint/parser@^4.0.0 but none is installed. You must install peer dependencies yourself.
npm WARN @babel/plugin-bugfix-v8-spread-parameters-in-optional-chaining@7.14.5 requires a peer of @babel/core@^7.13.0 but none is installed. You must install peer dependencies yourself.
npm WARN tsutils@3.21.0 requires a peer of typescript@>=2.8.0 || >= 3.2.0-dev || >= 3.3.0-dev || >= 3.4.0-dev || >= 3.5.0-dev || >= 3.6.0-dev || >= 3.6.0-beta || >= 3.7.0-dev || >= 3.7.0-beta but none is installed. You must install peer dependencies yourself.
npm WARN @rollup/pluginutils@3.1.0 requires a peer of rollup@^1.20.0||^2.0.0 but none is installed. You must install peer dependencies yourself.

npm ERR! code EACCES
npm ERR! syscall rename
npm ERR! path /mnt/c/Users/SOLON/dev/flatiron/labs/react_redux_initial_demo/node_modules/eslint-module-utils
npm ERR! dest /mnt/c/Users/SOLON/dev/flatiron/labs/react_redux_initial_demo/node_modules/.eslint-module-utils.DELETE
npm ERR! errno -13
npm ERR! Error: EACCES: permission denied, rename '/mnt/c/Users/SOLON/dev/flatiron/labs/react_redux_initial_demo/node_modules/eslint-module-utils' -> '/mnt/c/Users/SOLON/dev/flatiron/labs/react_redux_initial_demo/node_modules/.eslint-module-utils.DELETE'
npm ERR!  [OperationalError: EACCES: permission denied, rename '/mnt/c/Users/SOLON/dev/flatiron/labs/react_redux_initial_demo/node_modules/eslint-module-utils' -> '/mnt/c/Users/SOLON/dev/flatiron/labs/react_redux_initial_demo/node_modules/.eslint-module-utils.DELETE'] {
npm ERR!   cause: [Error: EACCES: permission denied, rename '/mnt/c/Users/SOLON/dev/flatiron/labs/react_redux_initial_demo/node_modules/eslint-module-utils' -> '/mnt/c/Users/SOLON/dev/flatiron/labs/react_redux_initial_demo/node_modules/.eslint-module-utils.DELETE'] {
npm ERR!     errno: -13,
npm ERR!     code: 'EACCES',
npm ERR!     syscall: 'rename',
npm ERR!     path: '/mnt/c/Users/SOLON/dev/flatiron/labs/react_redux_initial_demo/node_modules/eslint-module-utils',
npm ERR!     dest: '/mnt/c/Users/SOLON/dev/flatiron/labs/react_redux_initial_demo/node_modules/.eslint-module-utils.DELETE'
npm ERR!   },
npm ERR!   errno: -13,
npm ERR!   code: 'EACCES',
npm ERR!   syscall: 'rename',
npm ERR!   path: '/mnt/c/Users/SOLON/dev/flatiron/labs/react_redux_initial_demo/node_modules/eslint-module-utils',
npm ERR!   dest: '/mnt/c/Users/SOLON/dev/flatiron/labs/react_redux_initial_demo/node_modules/.eslint-module-utils.DELETE',
npm ERR!   parent: 'react_redux_initial_demo'
npm ERR! }
npm ERR!
npm ERR! The operation was rejected by your operating system.
npm ERR! It is likely you do not have the permissions to access this file as the current user
npm ERR!
npm ERR! If you believe this might be a permissions issue, please double-check the
npm ERR! permissions of the file and its containing directories, or try running
npm ERR! the command again as root/Administrator.

npm ERR! A complete log of this run can be found in:
npm ERR!     /home/arthur/.npm/_logs/2021-06-11T19_40_13_509Z-debug.log


***************

So I create a new directory and a new react redux application

[15:42:42]  labs
// ♥  mkdir react_redux_demo
[15:42:56]  labs
// ♥  cd react_redux_demo/
[15:42:59]  react_redux_demo
// ♥  npx create-react-app react_redux_demo

Creating a new React app in /mnt/c/Users/SOLON/dev/flatiron/labs/react_redux_demo/react_redux_demo.

Installing packages. This might take a couple of minutes.
Installing react, react-dom, and react-scripts with cra-template...

yarn add v1.22.4
[1/4] Resolving packages...
warning react-scripts > babel-eslint@10.1.0: babel-eslint is now @babel/eslint-parser. This package will no longer receive updates.
warning react-scripts > webpack-dev-server > sockjs > uuid@3.4.0: Please upgrade  to version 7 or higher.  Older versions may use Math.random() in certain circumstances, which is known to be problematic.  See https://v8.dev/blog/math-random for details.
warning react-scripts > workbox-webpack-plugin > workbox-build > @hapi/joi@15.1.1: Switch to 'npm install joi'
warning react-scripts > workbox-webpack-plugin > workbox-build > rollup-plugin-babel@4.4.0: This package has been deprecated and is no longer maintained. Please use @rollup/plugin-babel.
[2/4] Fetching packages...
info fsevents@1.2.12: The platform "linux" is incompatible with this module.
info "fsevents@1.2.12" is an optional dependency and failed compatibility check. Excluding it from installation.
info fsevents@2.3.2: The platform "linux" is incompatible with this module.
info "fsevents@2.3.2" is an optional dependency and failed compatibility check. Excluding it from installation.
[3/4] Linking dependencies...
warning "react-scripts > @typescript-eslint/eslint-plugin > tsutils@3.21.0" has unmet peer dependency "typescript@>=2.8.0 || >= 3.2.0-dev || >= 3.3.0-dev || >= 3.4.0-dev || >= 3.5.0-dev || >= 3.6.0-dev || >= 3.6.0-beta || >= 3.7.0-dev || >= 3.7.0-beta".
warning "react-scripts > eslint-plugin-testing-library > @typescript-eslint/experimental-utils > @typescript-eslint/typescript-estree > tsutils@3.17.1" has unmet peer dependency "typescript@>=2.8.0 || >= 3.2.0-dev || >= 3.3.0-dev || >= 3.4.0-dev || >= 3.5.0-dev || >= 3.6.0-dev || >= 3.6.0-beta || >= 3.7.0-dev || >= 3.7.0-beta".
[4/4] Building fresh packages...
success Saved lockfile.
warning Your current version of Yarn is out of date. The latest version is "1.22.5", while you're on "1.22.4".
info To upgrade, run the following command:
$ sudo apt-get update && sudo apt-get install yarn
success Saved 377 new dependencies.
info Direct dependencies
├─ cra-template@1.1.2
├─ react-dom@17.0.2
├─ react-scripts@4.0.3
└─ react@17.0.2
info All dependencies
├─ @babel/compat-data@7.14.5
├─ @babel/helper-builder-binary-assignment-operator-visitor@7.14.5
├─ @babel/helper-compilation-targets@7.14.5
├─ @babel/helper-explode-assignable-expression@7.14.5
├─ @babel/helper-get-function-arity@7.14.5
├─ @babel/helper-module-imports@7.14.5
├─ @babel/helper-plugin-utils@7.14.5
├─ @babel/helper-wrap-function@7.14.5
├─ @babel/helpers@7.14.5
├─ @babel/plugin-proposal-async-generator-functions@7.14.5
├─ @babel/plugin-proposal-class-properties@7.14.5
├─ @babel/plugin-proposal-decorators@7.12.1
├─ @babel/plugin-proposal-dynamic-import@7.14.5
├─ @babel/plugin-proposal-export-namespace-from@7.14.5
├─ @babel/plugin-proposal-json-strings@7.14.5
├─ @babel/plugin-proposal-logical-assignment-operators@7.14.5
├─ @babel/plugin-proposal-nullish-coalescing-operator@7.14.5
├─ @babel/plugin-proposal-numeric-separator@7.14.5
├─ @babel/plugin-proposal-object-rest-spread@7.14.5
├─ @babel/plugin-proposal-optional-catch-binding@7.14.5
├─ @babel/plugin-proposal-private-methods@7.14.5
├─ @babel/plugin-proposal-unicode-property-regex@7.14.5
├─ @babel/plugin-syntax-bigint@7.8.3
├─ @babel/plugin-syntax-class-properties@7.12.13
├─ @babel/plugin-syntax-decorators@7.14.5
├─ @babel/plugin-syntax-flow@7.14.5
├─ @babel/plugin-syntax-import-meta@7.10.4
├─ @babel/plugin-syntax-jsx@7.14.5
├─ @babel/plugin-syntax-top-level-await@7.14.5
├─ @babel/plugin-syntax-typescript@7.14.5
├─ @babel/plugin-transform-arrow-functions@7.14.5
├─ @babel/plugin-transform-async-to-generator@7.14.5
├─ @babel/plugin-transform-block-scoped-functions@7.14.5
├─ @babel/plugin-transform-block-scoping@7.14.5
├─ @babel/plugin-transform-classes@7.14.5
├─ @babel/plugin-transform-computed-properties@7.14.5
├─ @babel/plugin-transform-destructuring@7.14.5
├─ @babel/plugin-transform-dotall-regex@7.14.5
├─ @babel/plugin-transform-duplicate-keys@7.14.5
├─ @babel/plugin-transform-exponentiation-operator@7.14.5
├─ @babel/plugin-transform-flow-strip-types@7.12.1
├─ @babel/plugin-transform-for-of@7.14.5
├─ @babel/plugin-transform-function-name@7.14.5
├─ @babel/plugin-transform-literals@7.14.5
├─ @babel/plugin-transform-member-expression-literals@7.14.5
├─ @babel/plugin-transform-modules-amd@7.14.5
├─ @babel/plugin-transform-modules-commonjs@7.14.5
├─ @babel/plugin-transform-modules-systemjs@7.14.5
├─ @babel/plugin-transform-modules-umd@7.14.5
├─ @babel/plugin-transform-named-capturing-groups-regex@7.14.5
├─ @babel/plugin-transform-new-target@7.14.5
├─ @babel/plugin-transform-object-super@7.14.5
├─ @babel/plugin-transform-property-literals@7.14.5
├─ @babel/plugin-transform-react-display-name@7.14.5
├─ @babel/plugin-transform-react-jsx-development@7.14.5
├─ @babel/plugin-transform-react-jsx-self@7.14.5
├─ @babel/plugin-transform-react-jsx-source@7.14.5
├─ @babel/plugin-transform-react-pure-annotations@7.14.5
├─ @babel/plugin-transform-regenerator@7.14.5
├─ @babel/plugin-transform-reserved-words@7.14.5
├─ @babel/plugin-transform-runtime@7.12.1
├─ @babel/plugin-transform-shorthand-properties@7.14.5
├─ @babel/plugin-transform-spread@7.14.5
├─ @babel/plugin-transform-sticky-regex@7.14.5
├─ @babel/plugin-transform-template-literals@7.14.5
├─ @babel/plugin-transform-typeof-symbol@7.14.5
├─ @babel/plugin-transform-typescript@7.14.5
├─ @babel/plugin-transform-unicode-escapes@7.14.5
├─ @babel/plugin-transform-unicode-regex@7.14.5
├─ @babel/preset-env@7.14.5
├─ @babel/preset-react@7.12.1
├─ @babel/preset-typescript@7.12.1
├─ @babel/runtime-corejs3@7.14.5
├─ @bcoe/v8-coverage@0.2.3
├─ @eslint/eslintrc@0.4.2
├─ @hapi/joi@15.1.1
├─ @istanbuljs/load-nyc-config@1.1.0
├─ @jest/core@26.6.3
├─ @jest/globals@26.6.2
├─ @jest/reporters@26.6.2
├─ @jest/test-sequencer@26.6.3
├─ @nodelib/fs.scandir@2.1.5
├─ @nodelib/fs.stat@2.0.5
├─ @nodelib/fs.walk@1.2.7
├─ @npmcli/move-file@1.1.2
├─ @pmmmwh/react-refresh-webpack-plugin@0.4.3
├─ @rollup/plugin-node-resolve@7.1.3
├─ @rollup/plugin-replace@2.4.2
├─ @rollup/pluginutils@3.1.0
├─ @sinonjs/commons@1.8.3
├─ @sinonjs/fake-timers@6.0.1
├─ @surma/rollup-plugin-off-main-thread@1.4.2
├─ @svgr/babel-plugin-add-jsx-attribute@5.4.0
├─ @svgr/babel-plugin-remove-jsx-attribute@5.4.0
├─ @svgr/babel-plugin-remove-jsx-empty-expression@5.0.1
├─ @svgr/babel-plugin-replace-jsx-attribute-value@5.0.1
├─ @svgr/babel-plugin-svg-dynamic-title@5.4.0
├─ @svgr/babel-plugin-svg-em-dimensions@5.4.0
├─ @svgr/babel-plugin-transform-react-native-svg@5.4.0
├─ @svgr/babel-plugin-transform-svg-component@5.5.0
├─ @svgr/babel-preset@5.5.0
├─ @svgr/core@5.5.0
├─ @svgr/hast-util-to-babel-ast@5.5.0
├─ @svgr/plugin-svgo@5.5.0
├─ @svgr/webpack@5.5.0
├─ @tootallnate/once@1.1.2
├─ @types/babel__core@7.1.14
├─ @types/eslint@7.2.13
├─ @types/graceful-fs@4.1.5
├─ @types/html-minifier-terser@5.1.1
├─ @types/istanbul-reports@3.0.1
├─ @types/json-schema@7.0.7
├─ @types/json5@0.0.29
├─ @types/normalize-package-data@2.4.0
├─ @types/prettier@2.3.0
├─ @types/resolve@0.0.8
├─ @types/source-list-map@0.1.2
├─ @types/stack-utils@2.0.0
├─ @types/tapable@1.0.7
├─ @types/uglify-js@3.13.0
├─ @types/webpack-sources@2.1.0
├─ @types/webpack@4.41.29
├─ @typescript-eslint/eslint-plugin@4.26.1
├─ @typescript-eslint/experimental-utils@4.26.1
├─ @typescript-eslint/parser@4.26.1
├─ @webassemblyjs/floating-point-hex-parser@1.9.0
├─ @webassemblyjs/helper-code-frame@1.9.0
├─ @webassemblyjs/helper-fsm@1.9.0
├─ @webassemblyjs/helper-wasm-section@1.9.0
├─ @webassemblyjs/wasm-edit@1.9.0
├─ @webassemblyjs/wasm-opt@1.9.0
├─ abab@2.0.5
├─ acorn-globals@6.0.0
├─ acorn-jsx@5.3.1
├─ acorn-walk@7.2.0
├─ acorn@7.4.1
├─ adjust-sourcemap-loader@3.0.0
├─ aria-query@4.2.2
├─ array-includes@3.1.3
├─ array.prototype.flat@1.2.4
├─ array.prototype.flatmap@1.2.4
├─ arrify@2.0.1
├─ astral-regex@2.0.0
├─ at-least-node@1.0.0
├─ axe-core@4.2.2
├─ axobject-query@2.2.0
├─ babel-eslint@10.1.0
├─ babel-jest@26.6.3
├─ babel-plugin-jest-hoist@26.6.2
├─ babel-plugin-named-asset-import@0.3.7
├─ babel-preset-current-node-syntax@1.0.1
├─ babel-preset-jest@26.6.2
├─ babel-preset-react-app@10.0.0
├─ bfj@7.0.2
├─ builtin-modules@3.2.0
├─ cacache@15.2.0
├─ char-regex@1.0.2
├─ check-types@11.1.2
├─ cjs-module-lexer@0.6.0
├─ cliui@6.0.0
├─ combined-stream@1.0.8
├─ confusing-browser-globals@1.0.10
├─ core-js-compat@3.14.0
├─ core-js-pure@3.14.0
├─ core-js@3.14.0
├─ cra-template@1.1.2
├─ cross-spawn@7.0.3
├─ crypto-random-string@1.0.0
├─ css-loader@4.3.0
├─ cssom@0.4.4
├─ cssstyle@2.3.0
├─ damerau-levenshtein@1.0.7
├─ data-urls@2.0.0
├─ decimal.js@10.2.1
├─ dedent@0.7.0
├─ deep-is@0.1.3
├─ detect-newline@3.1.0
├─ diff-sequences@26.6.2
├─ domexception@2.0.1
├─ ejs@2.7.4
├─ electron-to-chromium@1.3.752
├─ emittery@0.7.2
├─ enhanced-resolve@4.5.0
├─ enquirer@2.3.6
├─ error-stack-parser@2.0.6
├─ escalade@3.1.1
├─ escodegen@2.0.0
├─ eslint-config-react-app@6.0.0
├─ eslint-import-resolver-node@0.3.4
├─ eslint-module-utils@2.6.1
├─ eslint-plugin-flowtype@5.7.2
├─ eslint-plugin-import@2.23.4
├─ eslint-plugin-jest@24.3.6
├─ eslint-plugin-jsx-a11y@6.4.1
├─ eslint-plugin-react-hooks@4.2.0
├─ eslint-plugin-react@7.24.0
├─ eslint-plugin-testing-library@3.10.2
├─ eslint-utils@2.1.0
├─ eslint-webpack-plugin@2.5.4
├─ eslint@7.28.0
├─ espree@7.3.1
├─ esquery@1.4.0
├─ estree-walker@0.6.1
├─ fast-levenshtein@2.0.6
├─ fastq@1.11.0
├─ file-entry-cache@6.0.1
├─ file-loader@6.1.1
├─ filesize@6.1.0
├─ flat-cache@3.0.4
├─ flatted@3.1.1
├─ fork-ts-checker-webpack-plugin@4.1.6
├─ form-data@3.0.1
├─ fs-extra@9.1.0
├─ get-package-type@0.1.0
├─ glob-parent@5.1.2
├─ globby@11.0.3
├─ has-bigints@1.0.1
├─ hoopy@0.1.4
├─ html-encoding-sniffer@2.0.1
├─ html-webpack-plugin@4.5.0
├─ http-parser-js@0.5.3
├─ http-proxy-agent@4.0.1
├─ https-proxy-agent@5.0.0
├─ human-signals@1.1.1
├─ immer@8.0.1
├─ internal-slot@1.0.3
├─ is-bigint@1.0.2
├─ is-boolean-object@1.1.1
├─ is-module@1.0.0
├─ is-negative-zero@2.0.1
├─ is-number-object@1.0.5
├─ is-potential-custom-element-name@1.0.1
├─ istanbul-lib-instrument@4.0.3
├─ istanbul-lib-source-maps@4.0.0
├─ istanbul-reports@3.0.2
├─ jest-changed-files@26.6.2
├─ jest-circus@26.6.0
├─ jest-cli@26.6.3
├─ jest-docblock@26.0.0
├─ jest-each@26.6.2
├─ jest-environment-jsdom@26.6.2
├─ jest-environment-node@26.6.2
├─ jest-jasmine2@26.6.3
├─ jest-leak-detector@26.6.2
├─ jest-resolve-dependencies@26.6.3
├─ jest-serializer@26.6.2
├─ jest-watch-typeahead@0.6.1
├─ jest-watcher@26.6.2
├─ jest@26.6.0
├─ jsdom@16.6.0
├─ json3@3.3.3
├─ jsx-ast-utils@3.2.0
├─ klona@2.0.4
├─ language-subtag-registry@0.3.21
├─ language-tags@1.0.5
├─ lodash.clonedeep@4.5.0
├─ lodash.debounce@4.0.8
├─ lodash.merge@4.6.2
├─ lodash.truncate@4.4.2
├─ loglevel@1.7.1
├─ magic-string@0.25.7
├─ mini-css-extract-plugin@0.11.3
├─ minizlib@2.1.2
├─ nanoid@3.1.23
├─ native-url@0.2.6
├─ node-forge@0.10.0
├─ node-notifier@8.0.2
├─ node-releases@1.1.73
├─ nwsapi@2.2.0
├─ object-inspect@1.10.3
├─ object.fromentries@2.0.4
├─ object.values@1.1.4
├─ optimize-css-assets-webpack-plugin@5.0.4
├─ optionator@0.9.1
├─ p-each-series@2.2.0
├─ parse5@6.0.1
├─ picomatch@2.3.0
├─ portfinder@1.0.28
├─ postcss-flexbugs-fixes@4.2.1
├─ postcss-modules-local-by-default@3.0.3
├─ postcss-modules-scope@2.2.0
├─ postcss-safe-parser@5.0.2
├─ pretty-bytes@5.6.0
├─ promise@8.1.0
├─ psl@1.8.0
├─ queue-microtask@1.2.3
├─ react-app-polyfill@2.0.0
├─ react-dev-utils@11.0.4
├─ react-dom@17.0.2
├─ react-error-overlay@6.0.9
├─ react-refresh@0.8.3
├─ react-scripts@4.0.3
├─ react@17.0.2
├─ read-pkg@5.2.0
├─ regex-parser@2.2.11
├─ regexp.prototype.flags@1.3.1
├─ regexpu-core@4.7.1
├─ require-from-string@2.0.2
├─ resolve-cwd@3.0.0
├─ resolve-url-loader@3.1.3
├─ reusify@1.0.4
├─ rollup-plugin-terser@5.3.1
├─ rollup-pluginutils@2.8.2
├─ rollup@1.32.1
├─ run-parallel@1.2.0
├─ sass-loader@10.2.0
├─ saxes@5.0.1
├─ scheduler@0.20.2
├─ selfsigned@1.10.11
├─ serialize-javascript@5.0.1
├─ sisteransi@1.0.5
├─ slice-ansi@4.0.0
├─ sockjs-client@1.5.1
├─ sockjs@0.3.21
├─ source-map-js@0.6.2
├─ sourcemap-codec@1.4.8
├─ spdy@4.0.2
├─ ssri@8.0.1
├─ stackframe@1.2.0
├─ string-natural-compare@3.0.1
├─ string.prototype.matchall@4.0.5
├─ string.prototype.trimend@1.0.4
├─ string.prototype.trimstart@1.0.4
├─ strip-final-newline@2.0.0
├─ strip-json-comments@3.1.1
├─ style-loader@1.3.0
├─ supports-hyperlinks@2.2.0
├─ svg-parser@2.0.4
├─ symbol-tree@3.2.4
├─ table@6.7.1
├─ tar@6.1.0
├─ temp-dir@1.0.0
├─ tempy@0.3.0
├─ terminal-link@2.1.1
├─ terser-webpack-plugin@4.2.3
├─ test-exclude@6.0.0
├─ tough-cookie@4.0.0
├─ tr46@2.1.0
├─ tryer@1.0.1
├─ ts-pnp@1.2.0
├─ tsconfig-paths@3.9.0
├─ type-detect@4.0.8
├─ typedarray-to-buffer@3.1.5
├─ unbox-primitive@1.0.1
├─ unique-string@1.0.0
├─ url-loader@4.1.1
├─ url-parse@1.5.1
├─ v8-to-istanbul@7.1.2
├─ w3c-hr-time@1.0.2
├─ w3c-xmlserializer@2.0.0
├─ watchpack-chokidar2@2.0.1
├─ watchpack@1.7.5
├─ webpack-dev-server@3.11.1
├─ webpack@4.44.2
├─ websocket-driver@0.7.4
├─ whatwg-fetch@3.6.2
├─ whatwg-url@8.6.0
├─ which-boxed-primitive@1.0.2
├─ word-wrap@1.2.3
├─ workbox-broadcast-update@5.1.4
├─ workbox-build@5.1.4
├─ workbox-cacheable-response@5.1.4
├─ workbox-expiration@5.1.4
├─ workbox-google-analytics@5.1.4
├─ workbox-navigation-preload@5.1.4
├─ workbox-precaching@5.1.4
├─ workbox-range-requests@5.1.4
├─ workbox-streams@5.1.4
├─ workbox-sw@5.1.4
├─ workbox-webpack-plugin@5.1.4
├─ workbox-window@5.1.4
├─ wrap-ansi@6.2.0
├─ write-file-atomic@3.0.3
├─ xmlchars@2.2.0
├─ yaml@1.10.2
├─ yargs-parser@18.1.3
└─ yocto-queue@0.1.0
Done in 326.97s.

Initialized a git repository.

Installing template dependencies using yarnpkg...
yarn add v1.22.4
[1/4] Resolving packages...
[2/4] Fetching packages...
info fsevents@2.3.2: The platform "linux" is incompatible with this module.
info "fsevents@2.3.2" is an optional dependency and failed compatibility check. Excluding it from installation.
info fsevents@1.2.12: The platform "linux" is incompatible with this module.
info "fsevents@1.2.12" is an optional dependency and failed compatibility check. Excluding it from installation.
[3/4] Linking dependencies...
warning "react-scripts > @typescript-eslint/eslint-plugin > tsutils@3.21.0" has unmet peer dependency "typescript@>=2.8.0 || >= 3.2.0-dev || >= 3.3.0-dev || >= 3.4.0-dev || >= 3.5.0-dev || >= 3.6.0-dev || >= 3.6.0-beta || >= 3.7.0-dev || >= 3.7.0-beta".
warning "react-scripts > eslint-plugin-testing-library > @typescript-eslint/experimental-utils > @typescript-eslint/typescript-estree > tsutils@3.17.1" has unmet peer dependency "typescript@>=2.8.0 || >= 3.2.0-dev || >= 3.3.0-dev || >= 3.4.0-dev || >= 3.5.0-dev || >= 3.6.0-dev || >= 3.6.0-beta || >= 3.7.0-dev || >= 3.7.0-beta".
warning " > @testing-library/user-event@12.8.3" has unmet peer dependency "@testing-library/dom@>=7.21.4".
[4/4] Building fresh packages...
success Saved lockfile.
success Saved 16 new dependencies.
info Direct dependencies
├─ @testing-library/jest-dom@5.14.1
├─ @testing-library/react@11.2.7
├─ @testing-library/user-event@12.8.3
├─ react-dom@17.0.2
├─ react@17.0.2
└─ web-vitals@1.1.2
info All dependencies
├─ @testing-library/dom@7.31.2
├─ @testing-library/jest-dom@5.14.1
├─ @testing-library/react@11.2.7
├─ @testing-library/user-event@12.8.3
├─ @types/aria-query@4.2.1
├─ @types/jest@26.0.23
├─ @types/testing-library__jest-dom@5.13.0
├─ css.escape@1.5.1
├─ css@3.0.0
├─ lz-string@1.4.4
├─ min-indent@1.0.1
├─ react-dom@17.0.2
├─ react@17.0.2
├─ redent@3.0.0
├─ strip-indent@3.0.0
└─ web-vitals@1.1.2
Done in 94.78s.
Removing template package using yarnpkg...

yarn remove v1.22.4
[1/2] Removing module cra-template...
[2/2] Regenerating lockfile and installing missing dependencies...
info fsevents@2.3.2: The platform "linux" is incompatible with this module.
info "fsevents@2.3.2" is an optional dependency and failed compatibility check. Excluding it from installation.
info fsevents@1.2.12: The platform "linux" is incompatible with this module.
info "fsevents@1.2.12" is an optional dependency and failed compatibility check. Excluding it from installation.
warning " > @testing-library/user-event@12.8.3" has unmet peer dependency "@testing-library/dom@>=7.21.4".
warning "react-scripts > @typescript-eslint/eslint-plugin > tsutils@3.21.0" has unmet peer dependency "typescript@>=2.8.0 || >= 3.2.0-dev || >= 3.3.0-dev || >= 3.4.0-dev || >= 3.5.0-dev || >= 3.6.0-dev || >= 3.6.0-beta || >= 3.7.0-dev || >= 3.7.0-beta".
warning "react-scripts > eslint-plugin-testing-library > @typescript-eslint/experimental-utils > @typescript-eslint/typescript-estree > tsutils@3.17.1" has unmet peer dependency "typescript@>=2.8.0 || >= 3.2.0-dev || >= 3.3.0-dev || >= 3.4.0-dev || >= 3.5.0-dev || >= 3.6.0-dev || >= 3.6.0-beta || >= 3.7.0-dev || >= 3.7.0-beta".
success Uninstalled packages.
Done in 41.39s.

Created git commit.

Success! Created react_redux_demo at /mnt/c/Users/SOLON/dev/flatiron/labs/react_redux_demo/react_redux_demo
Inside that directory, you can run several commands:

  yarn start
    Starts the development server.

  yarn build
    Bundles the app into static files for production.

  yarn test
    Starts the test runner.

  yarn eject
    Removes this tool and copies build dependencies, configuration files
    and scripts into the app directory. If you do this, you can’t go back!

We suggest that you begin by typing:

  cd react_redux_demo
  yarn start

Happy hacking!

*********

Now when I install react and react-redux everything is fine except it will not start


[15:51:26]  react_redux_demo
// ♥  npm install redux
npm WARN saveError ENOENT: no such file or directory, open '/mnt/c/Users/SOLON/dev/flatiron/labs/react_redux_demo/package.json'
npm notice created a lockfile as package-lock.json. You should commit this file.
npm WARN enoent ENOENT: no such file or directory, open '/mnt/c/Users/SOLON/dev/flatiron/labs/react_redux_demo/package.json'
npm WARN react_redux_demo No description
npm WARN react_redux_demo No repository field.
npm WARN react_redux_demo No README data
npm WARN react_redux_demo No license field.

+ redux@4.1.0
added 3 packages from 2 contributors and audited 3 packages in 0.837s
found 0 vulnerabilities

[15:52:04]  react_redux_demo
// ♥  npm install react-redux
npm WARN saveError ENOENT: no such file or directory, open '/mnt/c/Users/SOLON/dev/flatiron/labs/react_redux_demo/package.json'
npm WARN enoent ENOENT: no such file or directory, open '/mnt/c/Users/SOLON/dev/flatiron/labs/react_redux_demo/package.json'
npm WARN react-redux@7.2.4 requires a peer of react@^16.8.3 || ^17 but none is installed. You must install peer dependencies yourself.
npm WARN react_redux_demo No description
npm WARN react_redux_demo No repository field.
npm WARN react_redux_demo No README data
npm WARN react_redux_demo No license field.

+ react-redux@7.2.4
added 13 packages from 56 contributors and audited 17 packages in 1.964s
found 0 vulnerabilities

[15:52:37]  react_redux_demo
// ♥  npm start
npm ERR! code ENOENT
npm ERR! syscall open
npm ERR! path /mnt/c/Users/SOLON/dev/flatiron/labs/react_redux_demo/package.json
npm ERR! errno -2
npm ERR! enoent ENOENT: no such file or directory, open '/mnt/c/Users/SOLON/dev/flatiron/labs/react_redux_demo/package.json'
npm ERR! enoent This is related to npm not being able to find a file.
npm ERR! enoent

npm ERR! A complete log of this run can be found in:
npm ERR!     /home/arthur/.npm/_logs/2021-06-11T19_52_48_537Z-debug.log

------

I now go to : https://stackoverflow.com/questions/45531633/npm-warn-enoent-enoent-no-such-file-or-directory-open-c-users-nuwanst-packag

And then remove

rm package-lock.json 

[15:55:21]  react_redux_demo
// ♥  npm init
This utility will walk you through creating a package.json file.
It only covers the most common items, and tries to guess sensible defaults.

See `npm help json` for definitive documentation on these fields
and exactly what they do.

Use `npm install <pkg>` afterwards to install a package and
save it as a dependency in the package.json file.

Press ^C at any time to quit.
package name: (react_redux_demo)
version: (1.0.0)
description:
entry point: (index.js)
test command:
git repository:
keywords:
author: Arthur
license: (ISC)
About to write to /mnt/c/Users/SOLON/dev/flatiron/labs/react_redux_demo/package.json:

{
  "name": "react_redux_demo",
  "version": "1.0.0",
  "description": "",
  "main": "index.js",
  "dependencies": {
    "react-redux": "^7.2.4",
    "redux": "^4.1.0"
  },
  "devDependencies": {},
  "scripts": {
    "test": "echo \"Error: no test specified\" && exit 1"
  },
  "author": "Arthur",
  "license": "ISC"
}


Is this OK? (yes) yes
[15:56:41]  react_redux_demo
// ♥  ll
total 8
drwxrwxrwx 1 arthur arthur 4096 Jun 11 15:56 ./
drwxrwxrwx 1 arthur arthur 4096 Jun 11 15:42 ../
drwxrwxrwx 1 arthur arthur 4096 Jun 11 15:52 node_modules/
-rwxrwxrwx 1 arthur arthur 5258 Jun 11 15:55 package-lock.json*
-rwxrwxrwx 1 arthur arthur  319 Jun 11 15:56 package.json*
drwxrwxrwx 1 arthur arthur 4096 Jun 11 15:49 react_redux_demo/
[15:56:42]  react_redux_demo
// ♥  npm start
npm ERR! missing script: start

npm ERR! A complete log of this run can be found in:
npm ERR!     /home/arthur/.npm/_logs/2021-06-11T19_56_55_975Z-debug.log
[15:56:55]  react_redux_demo
// ♥  npm install react-redux --save
npm WARN react-redux@7.2.4 requires a peer of react@^16.8.3 || ^17 but none is installed. You must install peer dependencies yourself.
npm WARN react_redux_demo@1.0.0 No description
npm WARN react_redux_demo@1.0.0 No repository field.

+ react-redux@7.2.4
updated 1 package and audited 17 packages in 1.132s
found 0 vulnerabilities

[15:57:27]  react_redux_demo
// ♥  npm start
npm ERR! missing script: start

npm ERR! A complete log of this run can be found in:
npm ERR!     /home/arthur/.npm/_logs/2021-06-11T19_57_32_690Z-debug.log